 
**************** MICROMAGNETIC INFORMATION *********************
  Unit cell volume         : 0.104E-27  m^3
  Saturation nagnetization :     0.595  MA/m
  ETA MIN :     6
  ETA MAX :    12
****************************************************************
 
 
  Exchange stiffness at T=0 K:    -0.000  pJ/m
**************** EXCHANGE STIFFNESS MATRIX [pJ/m] **************
       -0.000000       -0.000000       -0.000000
       -0.000000       -0.000000       -0.000000
       -0.000000       -0.000000       -0.000000
****************************************************************
 
  Spin wave stiffness from Jijs:    -0.000±     0.000  meVÅ^2
**************** SPIN WAVE STIFFNESS MATRIX [meVA^2] ***********
       -0.000000       -0.000000       -0.000000
       -0.000000       -0.000000       -0.000000
       -0.000000       -0.000000       -0.000000
****************************************************************
 
  Exchange stiffness at T=0 K (LSQ):    -0.000  pJ/m
**************** EXCHANGE STIFFNESS MATRIX [pJ/m] **************
       -0.000000       -0.000000       -0.000000
       -0.000000       -0.000000       -0.000000
       -0.000000       -0.000000       -0.000000
****************************************************************
 
  Spin wave stiffness from Jijs (LSQ):    -0.000  meVÅ^2
**************** SPIN WAVE STIFFNESS MATRIX [meVA^2] ***********
       -0.000000       -0.000000       -0.000000
       -0.000000       -0.000000       -0.000000
       -0.000000       -0.000000       -0.000000
****************************************************************
 
 
**************** J0 VECTOR [meV] *******************************
       1       0.000
       2       0.000
       3       0.000
       4       0.000
       5       0.000
       6       0.000
       7       0.000
       8       0.000
       9       0.000
****************************************************************
 
