   #IterProj             <M>        M_{stdv}           <M>_x           <M>_y           <M>_z
       0       1  1.05548368E-03  0.00000000E+00  6.77207921E-04 -5.03222092E-04  6.34194568E-04
       0       2  1.09536375E-03  0.00000000E+00 -4.79382789E-04  8.32231898E-04  5.26691521E-04
       0       3  8.32286975E-04  0.00000000E+00 -6.54251423E-04 -5.13937987E-04  2.29004360E-05
       0       4  2.77487901E-02  0.00000000E+00 -1.45578977E-02  2.34713257E-02  2.67578738E-03
       0       5  1.91346888E-02  0.00000000E+00 -1.18789459E-02  7.32925134E-04 -1.49829831E-02
       0       6  1.29305472E-02  0.00000000E+00  1.16705287E-02  3.43509954E-03  4.38154128E-03
       0       7  6.21004508E-04  0.00000000E+00  6.04664065E-04  4.76388132E-05  1.33261059E-04
       0       8  3.43410619E-04  0.00000000E+00 -3.31835143E-04  8.39877121E-05 -2.76107760E-05
       0       9  7.03900758E-04  0.00000000E+00  3.16877994E-04 -3.98040670E-04  4.86444488E-04
     100       1  5.32688470E-04  0.00000000E+00 -2.62637467E-04  4.62187575E-04  3.40765694E-05
     100       2  1.09278428E-03  0.00000000E+00  5.82265904E-04 -8.52959915E-04  3.57216023E-04
     100       3  1.22131693E-03  0.00000000E+00 -7.61671635E-04 -6.62962349E-04  6.86987842E-04
     100       4  1.55154733E-02  0.00000000E+00 -2.93176742E-03  1.46282597E-02  4.26012580E-03
     100       5  1.47869941E-02  0.00000000E+00 -2.68026954E-03 -1.11704834E-02  9.31083505E-03
     100       6  1.33730006E-02  0.00000000E+00  6.96031431E-03 -1.14049734E-02 -5.63693802E-04
     100       7  6.06886192E-04  0.00000000E+00  3.28156802E-04 -4.98558639E-04  1.09832811E-04
     100       8  6.44419046E-04  0.00000000E+00  2.92994002E-04  3.86324483E-04 -4.24480642E-04
     100       9  3.01302777E-04  0.00000000E+00 -7.39181469E-06  2.19902845E-04 -2.05843298E-04
     200       1  1.13302907E-03  0.00000000E+00 -9.30568451E-04 -6.11306719E-04  2.10003145E-04
     200       2  7.06026837E-04  0.00000000E+00 -7.62542761E-05  6.25083558E-04 -3.19264351E-04
     200       3  8.70289424E-04  0.00000000E+00 -5.22531125E-04 -1.21875131E-04 -6.85208989E-04
     200       4  1.41121376E-02  0.00000000E+00 -1.34489056E-02 -1.95138345E-03  3.80413815E-03
     200       5  1.81038500E-02  0.00000000E+00 -5.49657588E-03  1.53358427E-02 -7.89613625E-03
     200       6  2.03974677E-02  0.00000000E+00 -1.98111719E-02  4.63840871E-04  4.83311568E-03
     200       7  4.74511077E-04  0.00000000E+00  1.37085339E-04  4.52185724E-04  4.35481687E-05
     200       8  7.10216659E-04  0.00000000E+00 -8.40824345E-05 -6.61900218E-04  2.43363819E-04
     200       9  5.05888909E-04  0.00000000E+00 -4.75918181E-04  1.34312064E-05  1.71011919E-04
     300       1  9.00266008E-04  0.00000000E+00  4.58320174E-04  3.26952767E-04 -7.02512201E-04
     300       2  2.13231385E-03  0.00000000E+00  1.69607362E-04  1.28042733E-03  1.69661474E-03
     300       3  1.00088252E-03  0.00000000E+00  3.73882612E-04 -6.63737856E-04 -6.49176154E-04
     300       4  1.18768517E-02  0.00000000E+00  4.45731822E-03 -6.98597819E-03  8.50811556E-03
     300       5  2.37556261E-02  0.00000000E+00  3.28821988E-03  2.34547500E-02  1.84176214E-03
     300       6  1.52630827E-02  0.00000000E+00  5.51724165E-03 -1.06345881E-02 -9.45659952E-03
     300       7  7.92311153E-04  0.00000000E+00 -5.37752458E-04 -1.36325939E-04 -5.65680559E-04
     300       8  4.73176464E-04  0.00000000E+00  4.42289829E-04  1.68080636E-04  4.95711645E-06
     300       9  5.94583319E-04  0.00000000E+00 -1.64724765E-04 -5.45551228E-04  1.69614068E-04
     400       1  1.15512937E-03  0.00000000E+00 -1.96204752E-05 -1.15103163E-03  9.52108060E-05
     400       2  1.13530374E-03  0.00000000E+00  8.46045594E-05 -1.05564080E-03  4.09119954E-04
     400       3  5.36317753E-04  0.00000000E+00  3.53687966E-04 -3.86024543E-04  1.16303943E-04
     400       4  6.82100453E-03  0.00000000E+00  6.16487921E-03  2.91896571E-03 -2.50589963E-06
     400       5  8.07828106E-03  0.00000000E+00  5.10464960E-03 -4.76982425E-03  4.05585427E-03
     400       6  2.52125752E-02  0.00000000E+00 -8.85039409E-03 -7.68163474E-03  2.23234621E-02
     400       7  1.77322043E-04  0.00000000E+00 -9.56167061E-05  8.44883601E-05 -1.23135168E-04
     400       8  5.67191597E-04  0.00000000E+00  4.05094202E-04 -3.60002917E-04 -1.67340656E-04
     400       9  4.03556245E-04  0.00000000E+00 -7.71215494E-05  3.12637618E-04 -2.43243972E-04
     500       1  1.26396393E-03  0.00000000E+00  2.24737545E-04  5.95681302E-04  1.09190734E-03
     500       2  8.82178232E-04  0.00000000E+00 -8.04595542E-04  3.52927135E-04  7.94159006E-05
     500       3  1.36444072E-03  0.00000000E+00  1.09208774E-03  5.94601157E-04  5.61687018E-04
     500       4  1.24911019E-02  0.00000000E+00  6.65703764E-03 -1.04136771E-02  1.80743074E-03
     500       5  9.66726790E-03  0.00000000E+00 -8.70846744E-04 -5.84615754E-03  7.64984554E-03
     500       6  7.33258686E-03  0.00000000E+00 -7.06213016E-03 -1.85542788E-03 -6.71219127E-04
     500       7  6.35736191E-04  0.00000000E+00 -4.20004470E-04  7.28798786E-05 -4.71641043E-04
     500       8  4.91512308E-04  0.00000000E+00 -1.54483579E-04 -2.77101398E-04  3.75411758E-04
     500       9  1.95738411E-04  0.00000000E+00  1.94731095E-04  1.43955644E-05 -1.36416187E-05
     600       1  9.09310928E-04  0.00000000E+00 -3.79624515E-04  7.78462798E-04  2.76996867E-04
     600       2  6.87193891E-04  0.00000000E+00 -6.00412019E-04  3.19462378E-04 -9.84105670E-05
     600       3  7.99962826E-04  0.00000000E+00  6.34384190E-04 -4.86387431E-04  3.04054135E-05
     600       4  7.63008418E-03  0.00000000E+00  4.30639360E-03  2.59993395E-03  5.73702904E-03
     600       5  1.17387347E-02  0.00000000E+00  8.58776083E-04  7.67494688E-03  8.84056477E-03
     600       6  1.51687277E-02  0.00000000E+00 -6.15885930E-03  6.40737405E-03  1.22924494E-02
     600       7  6.08516102E-04  0.00000000E+00 -4.83216213E-04  3.15388545E-04 -1.93194213E-04
     600       8  2.82977738E-04  0.00000000E+00  3.86206649E-05  1.77938247E-04 -2.16616769E-04
     600       9  5.75837458E-04  0.00000000E+00 -5.06791621E-04 -1.05079636E-05 -2.73204345E-04
